#
# A fatal error has been detected by the Java Runtime Environment:
#
#  EXCEPTION_ACCESS_VIOLATION (0xc0000005) at pc=0x000007fed470b910, pid=10380, tid=10896
#
# JRE version: Java(TM) SE Runtime Environment (8.0_25-b18) (build 1.8.0_25-b18)
# Java VM: Java HotSpot(TM) 64-Bit Server VM (25.25-b02 mixed mode windows-amd64 compressed oops)
# Problematic frame:
# C  [ig4icd64.dll+0xb910]
#
# Failed to write core dump. Minidumps are not enabled by default on client versions of Windows
#
# If you would like to submit a bug report, please visit:
#   http://bugreport.sun.com/bugreport/crash.jsp
# The crash happened outside the Java Virtual Machine in native code.
# See problematic frame for where to report the bug.
#

---------------  T H R E A D  ---------------

Current thread (0x00000000167c7800):  JavaThread "Display" [_thread_in_native, id=10896, stack(0x0000000017110000,0x0000000017210000)]

siginfo: ExceptionCode=0xc0000005, reading address 0x000000001d0a9c20

Registers:
RAX=0x0000000000000000, RBX=0x000000000000007f, RCX=0x0000000017b52000, RDX=0x000000001d0a9c20
RSP=0x000000001720e3d0, RBP=0x000000001720e710, RSI=0x0000000017b52000, RDI=0x000000001d0a9c20
R8 =0x0000000000000200, R9 =0x0000000000000000, R10=0x0000000000000004, R11=0x0000000000000000
R12=0x0000000000000080, R13=0x000007fed52d0c20, R14=0x0000000000000200, R15=0x000000001720e520
RIP=0x000007fed470b910, EFLAGS=0x0000000000010202

Top of Stack: (sp=0x000000001720e3d0)
0x000000001720e3d0:   0000000000000000 000007fed49244b7
0x000000001720e3e0:   0000000000000000 00000000179b29d8
0x000000001720e3f0:   3ff0000000000000 0000000000000000
0x000000001720e400:   0000000000000000 0000000000000000
0x000000001720e410:   000000001d0a9c20 000007fed48b1db0
0x000000001720e420:   0000000294807d60 000007fed4923d59
0x000000001720e430:   00000000179b29d8 000000001720e590
0x000000001720e440:   0000000000000004 00000000179a00b0
0x000000001720e450:   0000000294807d60 000007fed4b97a50
0x000000001720e460:   0000000000000080 000000001720e710
0x000000001720e470:   000000001720e590 0000000000000000
0x000000001720e480:   0000000000000000 0000000000000000
0x000000001720e490:   0000000000000000 0000000000000020
0x000000001720e4a0:   0000000000000000 000007fe00000001
0x000000001720e4b0:   0000000000000001 000000001720e512
0x000000001720e4c0:   000000001720e590 000000001720e550 

Instructions: (pc=0x000007fed470b910)
0x000007fed470b8f0:   c2 10 66 0f 7f 41 f0 49 3b c3 72 e4 e9 ab 00 00
0x000007fed470b900:   00 4d 85 d2 74 6c 66 66 0f 1f 84 00 00 00 00 00
0x000007fed470b910:   66 0f 6f 3a 66 0f 6f 72 10 66 0f 6f 6a 20 41 ff
0x000007fed470b920:   c3 48 83 e9 80 41 8b c3 66 0f 6f 62 30 66 0f 6f 


Register to memory mapping:

RAX=0x0000000000000000 is an unknown value
RBX=0x000000000000007f is an unknown value
RCX=0x0000000017b52000 is an unknown value
RDX=0x000000001d0a9c20 is an unknown value
RSP=0x000000001720e3d0 is pointing into the stack for thread: 0x00000000167c7800
RBP=0x000000001720e710 is pointing into the stack for thread: 0x00000000167c7800
RSI=0x0000000017b52000 is an unknown value
RDI=0x000000001d0a9c20 is an unknown value
R8 =0x0000000000000200 is an unknown value
R9 =0x0000000000000000 is an unknown value
R10=0x0000000000000004 is an unknown value
R11=0x0000000000000000 is an unknown value
R12=0x0000000000000080 is an unknown value
R13=0x000007fed52d0c20 is an unknown value
R14=0x0000000000000200 is an unknown value
R15=0x000000001720e520 is pointing into the stack for thread: 0x00000000167c7800


Stack: [0x0000000017110000,0x0000000017210000],  sp=0x000000001720e3d0,  free space=1016k
Native frames: (J=compiled Java code, j=interpreted, Vv=VM code, C=native code)
C  [ig4icd64.dll+0xb910]
C  [ig4icd64.dll+0x1b1db0]
C  [ig4icd64.dll+0x497a50]
C  [ig4icd64.dll+0x497e6f]
C  [ig4icd64.dll+0x4984d1]
C  [ig4icd64.dll+0x4969ee]
C  [ig4icd64.dll+0xc6882]
C  [ig4icd64.dll+0x9c022]
C  [ig4icd64.dll+0x315c82]
C  [lwjgl64.dll+0xb8aa]
C  0x00000000027dc1cb

Java frames: (J=compiled Java code, j=interpreted, Vv=VM code)
J 1605  org.lwjgl.opengl.GL11.nglTexImage2D(IIIIIIIIJJ)V (0 bytes) @ 0x00000000027dc145 [0x00000000027dc0c0+0x85]
J 2106 C2 org.newdawn.slick.opengl.InternalTextureLoader.getTexture(Ljava/io/InputStream;Ljava/lang/String;IIIZ[I)Lorg/newdawn/slick/opengl/TextureImpl; (325 bytes) @ 0x00000000028d87cc [0x00000000028d68c0+0x1f0c]
J 1502 C1 org.newdawn.slick.opengl.InternalTextureLoader.getTexture(Ljava/io/InputStream;Ljava/lang/String;ZI[I)Lorg/newdawn/slick/opengl/TextureImpl; (290 bytes) @ 0x0000000002aa881c [0x0000000002aa6ae0+0x1d3c]
J 2104 C1 org.newdawn.slick.opengl.TextureLoader.getTexture(Ljava/lang/String;Ljava/io/InputStream;ZI)Lorg/newdawn/slick/opengl/Texture; (36 bytes) @ 0x0000000002b86c54 [0x0000000002b864e0+0x774]
J 2072 C2 main.Sprite.<init>(Ljava/lang/String;)V (78 bytes) @ 0x00000000028ed264 [0x00000000028ed160+0x104]
J 2016% C2 main.Head.run()V (439 bytes) @ 0x0000000002981ef0 [0x0000000002981900+0x5f0]
j  java.lang.Thread.run()V+11
v  ~StubRoutines::call_stub

---------------  P R O C E S S  ---------------

Java Threads: ( => current thread )
  0x000000001cc4c800 JavaThread "AWT-Shutdown" [_thread_blocked, id=8452, stack(0x000000002af90000,0x000000002b090000)]
  0x000000001a41b800 JavaThread "Thread-5" [_thread_in_native, id=9812, stack(0x000000001db20000,0x000000001dc20000)]
  0x000000001c8c0800 JavaThread "Thread-4" [_thread_blocked, id=10132, stack(0x000000001d980000,0x000000001da80000)]
  0x000000001a18c000 JavaThread "TimerQueue" daemon [_thread_blocked, id=188, stack(0x000000001c330000,0x000000001c430000)]
  0x0000000016a0d800 JavaThread "AWT-Windows" daemon [_thread_in_native, id=7476, stack(0x000000001b1c0000,0x000000001b2c0000)]
  0x000000001696a800 JavaThread "Java2D Disposer" daemon [_thread_blocked, id=10548, stack(0x000000001ae90000,0x000000001af90000)]
  0x00000000021bd800 JavaThread "DestroyJavaVM" [_thread_blocked, id=7788, stack(0x0000000002220000,0x0000000002320000)]
=>0x00000000167c7800 JavaThread "Display" [_thread_in_native, id=10896, stack(0x0000000017110000,0x0000000017210000)]
  0x000000001675c000 JavaThread "Service Thread" daemon [_thread_blocked, id=11000, stack(0x0000000016e60000,0x0000000016f60000)]
  0x00000000166e1000 JavaThread "C1 CompilerThread2" daemon [_thread_blocked, id=10348, stack(0x0000000016cb0000,0x0000000016db0000)]
  0x00000000166e0800 JavaThread "C2 CompilerThread1" daemon [_thread_blocked, id=9084, stack(0x0000000016b20000,0x0000000016c20000)]
  0x0000000014e24800 JavaThread "C2 CompilerThread0" daemon [_thread_blocked, id=8796, stack(0x00000000165e0000,0x00000000166e0000)]
  0x0000000014e23000 JavaThread "Attach Listener" daemon [_thread_blocked, id=4772, stack(0x0000000016320000,0x0000000016420000)]
  0x0000000014e21800 JavaThread "Signal Dispatcher" daemon [_thread_blocked, id=11148, stack(0x00000000161e0000,0x00000000162e0000)]
  0x0000000014dc1800 JavaThread "Finalizer" daemon [_thread_blocked, id=8056, stack(0x0000000015fd0000,0x00000000160d0000)]
  0x0000000014db8800 JavaThread "Reference Handler" daemon [_thread_blocked, id=4824, stack(0x0000000015d60000,0x0000000015e60000)]

Other Threads:
  0x0000000014db4800 VMThread [stack: 0x0000000015eb0000,0x0000000015fb0000] [id=10704]
  0x000000001675d800 WatcherThread [stack: 0x0000000016fe0000,0x00000000170e0000] [id=9252]

VM state:not at safepoint (normal execution)

VM Mutex/Monitor currently owned by a thread: None

Heap:
 PSYoungGen      total 333824K, used 1830K [0x00000000eb780000, 0x0000000100000000, 0x0000000100000000)
  eden space 331264K, 0% used [0x00000000eb780000,0x00000000eb789af8,0x00000000ffb00000)
  from space 2560K, 70% used [0x00000000ffd80000,0x00000000fff40000,0x0000000100000000)
  to   space 2560K, 0% used [0x00000000ffb00000,0x00000000ffb00000,0x00000000ffd80000)
 ParOldGen       total 49664K, used 28313K [0x00000000c2600000, 0x00000000c5680000, 0x00000000eb780000)
  object space 49664K, 57% used [0x00000000c2600000,0x00000000c41a6488,0x00000000c5680000)
 Metaspace       used 13559K, capacity 13675K, committed 13952K, reserved 1060864K
  class space    used 1590K, capacity 1643K, committed 1664K, reserved 1048576K

Card table byte_map: [0x00000000119b0000,0x0000000011ba0000] byte_map_base: 0x000000001139d000

Marking Bits: (ParMarkBitMap*) 0x000000005223d490
 Begin Bits: [0x0000000012370000, 0x00000000132d8000)
 End Bits:   [0x00000000132d8000, 0x0000000014240000)

Polling page: 0x0000000000320000

CodeCache: size=245760Kb used=5696Kb max_used=5901Kb free=240063Kb
 bounds [0x00000000025f0000, 0x0000000002c20000, 0x00000000115f0000]
 total_blobs=2264 nmethods=1676 adapters=502
 compilation: enabled

Compilation events (10 events):
Event: 1195.257 Thread 0x00000000166e1000 2104       3       org.newdawn.slick.opengl.TextureLoader::getTexture (36 bytes)
Event: 1195.300 Thread 0x00000000166e0800 2106       4       org.newdawn.slick.opengl.InternalTextureLoader::getTexture (325 bytes)
Event: 1195.409 Thread 0x00000000166e1000 nmethod 2104 0x0000000002b862d0 code [0x0000000002b864e0, 0x0000000002b86eb8]
Event: 1195.409 Thread 0x00000000166e1000 2105       1       org.newdawn.slick.opengl.InternalTextureLoader::get (4 bytes)
Event: 1195.410 Thread 0x00000000166e1000 nmethod 2105 0x0000000002b86010 code [0x0000000002b86160, 0x0000000002b86250]
Event: 1195.633 Thread 0x0000000014e24800 2107       4       org.lwjgl.opengl.GL11::glGenTextures (30 bytes)
Event: 1196.055 Thread 0x0000000014e24800 nmethod 2107 0x0000000002b2a590 code [0x0000000002b2a6e0, 0x0000000002b2a848]
Event: 1197.087 Thread 0x00000000166e0800 nmethod 2106 0x00000000028d62d0 code [0x00000000028d68c0, 0x00000000028dbfc8]
Event: 1197.087 Thread 0x0000000014e24800 2108       4       org.lwjgl.opengl.GL11::glTexImage2D (67 bytes)
Event: 1197.108 Thread 0x0000000014e24800 nmethod 2108 0x000000000289f610 code [0x000000000289f780, 0x000000000289fb58]

GC Heap History (10 events):
Event: 1217.495 GC heap before
{Heap before GC invocations=1709 (full 1):
 PSYoungGen      total 333824K, used 333184K [0x00000000eb780000, 0x0000000100000000, 0x0000000100000000)
  eden space 331264K, 100% used [0x00000000eb780000,0x00000000ffb00000,0x00000000ffb00000)
  from space 2560K, 75% used [0x00000000ffb00000,0x00000000ffce0020,0x00000000ffd80000)
  to   space 2560K, 0% used [0x00000000ffd80000,0x00000000ffd80000,0x0000000100000000)
 ParOldGen       total 49664K, used 27753K [0x00000000c2600000, 0x00000000c5680000, 0x00000000eb780000)
  object space 49664K, 55% used [0x00000000c2600000,0x00000000c411a488,0x00000000c5680000)
 Metaspace       used 13559K, capacity 13675K, committed 13952K, reserved 1060864K
  class space    used 1590K, capacity 1643K, committed 1664K, reserved 1048576K
Event: 1217.523 GC heap after
Heap after GC invocations=1709 (full 1):
 PSYoungGen      total 333824K, used 1952K [0x00000000eb780000, 0x0000000100000000, 0x0000000100000000)
  eden space 331264K, 0% used [0x00000000eb780000,0x00000000eb780000,0x00000000ffb00000)
  from space 2560K, 76% used [0x00000000ffd80000,0x00000000fff68020,0x0000000100000000)
  to   space 2560K, 0% used [0x00000000ffb00000,0x00000000ffb00000,0x00000000ffd80000)
 ParOldGen       total 49664K, used 27873K [0x00000000c2600000, 0x00000000c5680000, 0x00000000eb780000)
  object space 49664K, 56% used [0x00000000c2600000,0x00000000c4138488,0x00000000c5680000)
 Metaspace       used 13559K, capacity 13675K, committed 13952K, reserved 1060864K
  class space    used 1590K, capacity 1643K, committed 1664K, reserved 1048576K
}
Event: 1219.312 GC heap before
{Heap before GC invocations=1710 (full 1):
 PSYoungGen      total 333824K, used 333216K [0x00000000eb780000, 0x0000000100000000, 0x0000000100000000)
  eden space 331264K, 100% used [0x00000000eb780000,0x00000000ffb00000,0x00000000ffb00000)
  from space 2560K, 76% used [0x00000000ffd80000,0x00000000fff68020,0x0000000100000000)
  to   space 2560K, 0% used [0x00000000ffb00000,0x00000000ffb00000,0x00000000ffd80000)
 ParOldGen       total 49664K, used 27873K [0x00000000c2600000, 0x00000000c5680000, 0x00000000eb780000)
  object space 49664K, 56% used [0x00000000c2600000,0x00000000c4138488,0x00000000c5680000)
 Metaspace       used 13559K, capacity 13675K, committed 13952K, reserved 1060864K
  class space    used 1590K, capacity 1643K, committed 1664K, reserved 1048576K
Event: 1219.356 GC heap after
Heap after GC invocations=1710 (full 1):
 PSYoungGen      total 333824K, used 1984K [0x00000000eb780000, 0x0000000100000000, 0x0000000100000000)
  eden space 331264K, 0% used [0x00000000eb780000,0x00000000eb780000,0x00000000ffb00000)
  from space 2560K, 77% used [0x00000000ffb00000,0x00000000ffcf0030,0x00000000ffd80000)
  to   space 2560K, 0% used [0x00000000ffd80000,0x00000000ffd80000,0x0000000100000000)
 ParOldGen       total 49664K, used 27993K [0x00000000c2600000, 0x00000000c5680000, 0x00000000eb780000)
  object space 49664K, 56% used [0x00000000c2600000,0x00000000c4156488,0x00000000c5680000)
 Metaspace       used 13559K, capacity 13675K, committed 13952K, reserved 1060864K
  class space    used 1590K, capacity 1643K, committed 1664K, reserved 1048576K
}
Event: 1221.811 GC heap before
{Heap before GC invocations=1711 (full 1):
 PSYoungGen      total 333824K, used 333248K [0x00000000eb780000, 0x0000000100000000, 0x0000000100000000)
  eden space 331264K, 100% used [0x00000000eb780000,0x00000000ffb00000,0x00000000ffb00000)
  from space 2560K, 77% used [0x00000000ffb00000,0x00000000ffcf0030,0x00000000ffd80000)
  to   space 2560K, 0% used [0x00000000ffd80000,0x00000000ffd80000,0x0000000100000000)
 ParOldGen       total 49664K, used 27993K [0x00000000c2600000, 0x00000000c5680000, 0x00000000eb780000)
  object space 49664K, 56% used [0x00000000c2600000,0x00000000c4156488,0x00000000c5680000)
 Metaspace       used 13559K, capacity 13675K, committed 13952K, reserved 1060864K
  class space    used 1590K, capacity 1643K, committed 1664K, reserved 1048576K
Event: 1221.815 GC heap after
Heap after GC invocations=1711 (full 1):
 PSYoungGen      total 333824K, used 1984K [0x00000000eb780000, 0x0000000100000000, 0x0000000100000000)
  eden space 331264K, 0% used [0x00000000eb780000,0x00000000eb780000,0x00000000ffb00000)
  from space 2560K, 77% used [0x00000000ffd80000,0x00000000fff70030,0x0000000100000000)
  to   space 2560K, 0% used [0x00000000ffb00000,0x00000000ffb00000,0x00000000ffd80000)
 ParOldGen       total 49664K, used 28097K [0x00000000c2600000, 0x00000000c5680000, 0x00000000eb780000)
  object space 49664K, 56% used [0x00000000c2600000,0x00000000c4170488,0x00000000c5680000)
 Metaspace       used 13559K, capacity 13675K, committed 13952K, reserved 1060864K
  class space    used 1590K, capacity 1643K, committed 1664K, reserved 1048576K
}
Event: 1223.879 GC heap before
{Heap before GC invocations=1712 (full 1):
 PSYoungGen      total 333824K, used 333248K [0x00000000eb780000, 0x0000000100000000, 0x0000000100000000)
  eden space 331264K, 100% used [0x00000000eb780000,0x00000000ffb00000,0x00000000ffb00000)
  from space 2560K, 77% used [0x00000000ffd80000,0x00000000fff70030,0x0000000100000000)
  to   space 2560K, 0% used [0x00000000ffb00000,0x00000000ffb00000,0x00000000ffd80000)
 ParOldGen       total 49664K, used 28097K [0x00000000c2600000, 0x00000000c5680000, 0x00000000eb780000)
  object space 49664K, 56% used [0x00000000c2600000,0x00000000c4170488,0x00000000c5680000)
 Metaspace       used 13559K, capacity 13675K, committed 13952K, reserved 1060864K
  class space    used 1590K, capacity 1643K, committed 1664K, reserved 1048576K
Event: 1223.882 GC heap after
Heap after GC invocations=1712 (full 1):
 PSYoungGen      total 333824K, used 1952K [0x00000000eb780000, 0x0000000100000000, 0x0000000100000000)
  eden space 331264K, 0% used [0x00000000eb780000,0x00000000eb780000,0x00000000ffb00000)
  from space 2560K, 76% used [0x00000000ffb00000,0x00000000ffce8020,0x00000000ffd80000)
  to   space 2560K, 0% used [0x00000000ffd80000,0x00000000ffd80000,0x0000000100000000)
 ParOldGen       total 49664K, used 28209K [0x00000000c2600000, 0x00000000c5680000, 0x00000000eb780000)
  object space 49664K, 56% used [0x00000000c2600000,0x00000000c418c488,0x00000000c5680000)
 Metaspace       used 13559K, capacity 13675K, committed 13952K, reserved 1060864K
  class space    used 1590K, capacity 1643K, committed 1664K, reserved 1048576K
}
Event: 1225.892 GC heap before
{Heap before GC invocations=1713 (full 1):
 PSYoungGen      total 333824K, used 333216K [0x00000000eb780000, 0x0000000100000000, 0x0000000100000000)
  eden space 331264K, 100% used [0x00000000eb780000,0x00000000ffb00000,0x00000000ffb00000)
  from space 2560K, 76% used [0x00000000ffb00000,0x00000000ffce8020,0x00000000ffd80000)
  to   space 2560K, 0% used [0x00000000ffd80000,0x00000000ffd80000,0x0000000100000000)
 ParOldGen       total 49664K, used 28209K [0x00000000c2600000, 0x00000000c5680000, 0x00000000eb780000)
  object space 49664K, 56% used [0x00000000c2600000,0x00000000c418c488,0x00000000c5680000)
 Metaspace       used 13559K, capacity 13675K, committed 13952K, reserved 1060864K
  class space    used 1590K, capacity 1643K, committed 1664K, reserved 1048576K
Event: 1225.895 GC heap after
Heap after GC invocations=1713 (full 1):
 PSYoungGen      total 333824K, used 1792K [0x00000000eb780000, 0x0000000100000000, 0x0000000100000000)
  eden space 331264K, 0% used [0x00000000eb780000,0x00000000eb780000,0x00000000ffb00000)
  from space 2560K, 70% used [0x00000000ffd80000,0x00000000fff40000,0x0000000100000000)
  to   space 2560K, 0% used [0x00000000ffb00000,0x00000000ffb00000,0x00000000ffd80000)
 ParOldGen       total 49664K, used 28313K [0x00000000c2600000, 0x00000000c5680000, 0x00000000eb780000)
  object space 49664K, 57% used [0x00000000c2600000,0x00000000c41a6488,0x00000000c5680000)
 Metaspace       used 13559K, capacity 13675K, committed 13952K, reserved 1060864K
  class space    used 1590K, capacity 1643K, committed 1664K, reserved 1048576K
}

Deoptimization events (8 events):
Event: 2.396 Thread 0x000000001a109000 Uncommon trap: reason=class_check action=maybe_recompile pc=0x00000000027ac40c method=java.lang.String.equals(Ljava/lang/Object;)Z @ 8
Event: 2.396 Thread 0x000000001a109000 Uncommon trap: reason=class_check action=maybe_recompile pc=0x00000000027ac40c method=java.lang.String.equals(Ljava/lang/Object;)Z @ 8
Event: 2.564 Thread 0x000000001a109000 Uncommon trap: reason=class_check action=maybe_recompile pc=0x00000000027ac40c method=java.lang.String.equals(Ljava/lang/Object;)Z @ 8
Event: 2.564 Thread 0x000000001a109000 Uncommon trap: reason=class_check action=maybe_recompile pc=0x00000000027ac40c method=java.lang.String.equals(Ljava/lang/Object;)Z @ 8
Event: 278.406 Thread 0x00000000167c7800 Uncommon trap: reason=unreached action=reinterpret pc=0x0000000002bc2ea8 method=org.newdawn.slick.opengl.InternalTextureLoader.getTexture(Ljava/io/InputStream;Ljava/lang/String;ZI[I)Lorg/newdawn/slick/opengl/TextureImpl; @ 173
Event: 278.406 Thread 0x00000000167c7800 Uncommon trap: reason=unreached action=reinterpret pc=0x0000000002b35560 method=org.newdawn.slick.opengl.TextureImpl.bind()V @ 4
Event: 1076.486 Thread 0x000000001696a800 Uncommon trap: reason=bimorphic action=maybe_recompile pc=0x0000000002961bac method=sun.java2d.Disposer.run()V @ 26
Event: 1194.538 Thread 0x00000000167c7800 Uncommon trap: reason=unreached action=reinterpret pc=0x0000000002bd9a1c method=org.newdawn.slick.opengl.InternalTextureLoader.getTexture(Ljava/io/InputStream;Ljava/lang/String;ZI[I)Lorg/newdawn/slick/opengl/TextureImpl; @ 173

Internal exceptions (10 events):
Event: 3.739 Thread 0x00000000167c7800 Exception <a 'java/security/PrivilegedActionException'> (0x00000000ec089260) thrown at [D:\re\workspace\8-2-build-windows-amd64-cygwin\jdk8u25\1677\hotspot\src\share\vm\prims\jvm.cpp, line 1312]
Event: 3.962 Thread 0x00000000167c7800 Exception <a 'java/security/PrivilegedActionException'> (0x00000000ec300320) thrown at [D:\re\workspace\8-2-build-windows-amd64-cygwin\jdk8u25\1677\hotspot\src\share\vm\prims\jvm.cpp, line 1312]
Event: 4.048 Thread 0x00000000167c7800 Exception <a 'java/security/PrivilegedActionException'> (0x00000000ec30d738) thrown at [D:\re\workspace\8-2-build-windows-amd64-cygwin\jdk8u25\1677\hotspot\src\share\vm\prims\jvm.cpp, line 1312]
Event: 4.048 Thread 0x00000000167c7800 Exception <a 'java/security/PrivilegedActionException'> (0x00000000ec30f470) thrown at [D:\re\workspace\8-2-build-windows-amd64-cygwin\jdk8u25\1677\hotspot\src\share\vm\prims\jvm.cpp, line 1312]
Event: 4.049 Thread 0x00000000167c7800 Exception <a 'java/security/PrivilegedActionException'> (0x00000000ec311450) thrown at [D:\re\workspace\8-2-build-windows-amd64-cygwin\jdk8u25\1677\hotspot\src\share\vm\prims\jvm.cpp, line 1312]
Event: 4.050 Thread 0x00000000167c7800 Exception <a 'java/security/PrivilegedActionException'> (0x00000000ec312a20) thrown at [D:\re\workspace\8-2-build-windows-amd64-cygwin\jdk8u25\1677\hotspot\src\share\vm\prims\jvm.cpp, line 1312]
Event: 4.051 Thread 0x00000000167c7800 Exception <a 'java/security/PrivilegedActionException'> (0x00000000ec313eb8) thrown at [D:\re\workspace\8-2-build-windows-amd64-cygwin\jdk8u25\1677\hotspot\src\share\vm\prims\jvm.cpp, line 1312]
Event: 4.052 Thread 0x00000000167c7800 Exception <a 'java/security/PrivilegedActionException'> (0x00000000ec31a128) thrown at [D:\re\workspace\8-2-build-windows-amd64-cygwin\jdk8u25\1677\hotspot\src\share\vm\prims\jvm.cpp, line 1312]
Event: 4.053 Thread 0x00000000167c7800 Exception <a 'java/security/PrivilegedActionException'> (0x00000000ec31c8d0) thrown at [D:\re\workspace\8-2-build-windows-amd64-cygwin\jdk8u25\1677\hotspot\src\share\vm\prims\jvm.cpp, line 1312]
Event: 5.054 Thread 0x00000000167c7800 Exception <a 'java/security/PrivilegedActionException'> (0x00000000ed15f5c8) thrown at [D:\re\workspace\8-2-build-windows-amd64-cygwin\jdk8u25\1677\hotspot\src\share\vm\prims\jvm.cpp, line 1312]

Events (10 events):
Event: 1217.495 Executing VM operation: ParallelGCFailedAllocation
Event: 1217.523 Executing VM operation: ParallelGCFailedAllocation done
Event: 1219.312 Executing VM operation: ParallelGCFailedAllocation
Event: 1219.356 Executing VM operation: ParallelGCFailedAllocation done
Event: 1221.811 Executing VM operation: ParallelGCFailedAllocation
Event: 1221.815 Executing VM operation: ParallelGCFailedAllocation done
Event: 1223.879 Executing VM operation: ParallelGCFailedAllocation
Event: 1223.882 Executing VM operation: ParallelGCFailedAllocation done
Event: 1225.892 Executing VM operation: ParallelGCFailedAllocation
Event: 1225.895 Executing VM operation: ParallelGCFailedAllocation done


Dynamic libraries:
0x000000013f4d0000 - 0x000000013f504000 	C:\Program Files\Java\jre1.8.0_25\bin\javaw.exe
0x00000000774d0000 - 0x0000000077679000 	C:\Windows\SYSTEM32\ntdll.dll
0x00000000772b0000 - 0x00000000773cf000 	C:\Windows\system32\kernel32.dll
0x000007fefd590000 - 0x000007fefd5fc000 	C:\Windows\system32\KERNELBASE.dll
0x000007feff430000 - 0x000007feff50b000 	C:\Windows\system32\ADVAPI32.dll
0x000007feff250000 - 0x000007feff2ef000 	C:\Windows\system32\msvcrt.dll
0x000007fefeb40000 - 0x000007fefeb5f000 	C:\Windows\SYSTEM32\sechost.dll
0x000007fefd7e0000 - 0x000007fefd90d000 	C:\Windows\system32\RPCRT4.dll
0x00000000773d0000 - 0x00000000774ca000 	C:\Windows\system32\USER32.dll
0x000007fefef50000 - 0x000007fefefb7000 	C:\Windows\system32\GDI32.dll
0x000007fefdd00000 - 0x000007fefdd0e000 	C:\Windows\system32\LPK.dll
0x000007fefeb60000 - 0x000007fefec29000 	C:\Windows\system32\USP10.dll
0x000007fefc2f0000 - 0x000007fefc4e4000 	C:\Windows\WinSxS\amd64_microsoft.windows.common-controls_6595b64144ccf1df_6.0.7601.17514_none_fa396087175ac9ac\COMCTL32.dll
0x000007feff340000 - 0x000007feff3b1000 	C:\Windows\system32\SHLWAPI.dll
0x000007fefec30000 - 0x000007fefec5e000 	C:\Windows\system32\IMM32.DLL
0x000007fefefc0000 - 0x000007feff0c9000 	C:\Windows\system32\MSCTF.dll
0x0000000071df0000 - 0x0000000071ec2000 	C:\Program Files\Java\jre1.8.0_25\bin\msvcr100.dll
0x0000000051a60000 - 0x00000000522ba000 	C:\Program Files\Java\jre1.8.0_25\bin\server\jvm.dll
0x000007fef38a0000 - 0x000007fef38a9000 	C:\Windows\system32\WSOCK32.dll
0x000007feff2f0000 - 0x000007feff33d000 	C:\Windows\system32\WS2_32.dll
0x000007feff3c0000 - 0x000007feff3c8000 	C:\Windows\system32\NSI.dll
0x000007fefb600000 - 0x000007fefb63b000 	C:\Windows\system32\WINMM.dll
0x0000000077690000 - 0x0000000077697000 	C:\Windows\system32\PSAPI.DLL
0x0000000072160000 - 0x000000007216f000 	C:\Program Files\Java\jre1.8.0_25\bin\verify.dll
0x0000000070ad0000 - 0x0000000070af8000 	C:\Program Files\Java\jre1.8.0_25\bin\java.dll
0x0000000070ab0000 - 0x0000000070ac6000 	C:\Program Files\Java\jre1.8.0_25\bin\zip.dll
0x000007fefdd10000 - 0x000007fefea98000 	C:\Windows\system32\SHELL32.dll
0x000007fefd910000 - 0x000007fefdb13000 	C:\Windows\system32\ole32.dll
0x000007fefd290000 - 0x000007fefd29f000 	C:\Windows\system32\profapi.dll
0x0000000180000000 - 0x0000000180051000 	D:\librar\lwjgl-2.9.1\native\windows\lwjgl64.dll
0x000007fefb4e0000 - 0x000007fefb5fd000 	C:\Windows\system32\OPENGL32.dll
0x000007fefb4b0000 - 0x000007fefb4dd000 	C:\Windows\system32\GLU32.dll
0x000007fefb390000 - 0x000007fefb481000 	C:\Windows\system32\DDRAW.dll
0x000007fefb350000 - 0x000007fefb358000 	C:\Windows\system32\DCIMAN32.dll
0x000007fefdb20000 - 0x000007fefdcf7000 	C:\Windows\system32\SETUPAPI.dll
0x000007fefd530000 - 0x000007fefd566000 	C:\Windows\system32\CFGMGR32.dll
0x000007feff0d0000 - 0x000007feff1a7000 	C:\Windows\system32\OLEAUT32.dll
0x000007fefd630000 - 0x000007fefd64a000 	C:\Windows\system32\DEVOBJ.dll
0x000007fefb320000 - 0x000007fefb338000 	C:\Windows\system32\dwmapi.dll
0x000007fefc010000 - 0x000007fefc01c000 	C:\Windows\system32\VERSION.dll
0x000007fef9be0000 - 0x000007fef9c36000 	C:\Windows\system32\uxtheme.dll
0x000007fed4700000 - 0x000007fed5385000 	C:\Windows\system32\ig4icd64.dll
0x000007fee8bc0000 - 0x000007fee8bff000 	C:\Program Files\ThinkPad\Bluetooth Software\btmmhook.dll
0x000007fefd130000 - 0x000007fefd13f000 	C:\Windows\system32\CRYPTBASE.dll
0x000007fef1ff0000 - 0x000007fef208c000 	C:\Windows\system32\mscms.dll
0x000007fefd500000 - 0x000007fefd51e000 	C:\Windows\system32\USERENV.dll
0x000007fef1fa0000 - 0x000007fef1fe2000 	C:\Windows\system32\icm32.dll
0x0000000062e10000 - 0x0000000062fa8000 	C:\Program Files\Java\jre1.8.0_25\bin\awt.dll
0x0000000069f40000 - 0x0000000069f87000 	C:\Program Files\Java\jre1.8.0_25\bin\fontmanager.dll
0x0000000070a90000 - 0x0000000070aaa000 	C:\Program Files\Java\jre1.8.0_25\bin\net.dll
0x000007fefca70000 - 0x000007fefcac5000 	C:\Windows\system32\mswsock.dll
0x000007fefca60000 - 0x000007fefca67000 	C:\Windows\System32\wship6.dll
0x0000000070a70000 - 0x0000000070a81000 	C:\Program Files\Java\jre1.8.0_25\bin\nio.dll
0x0000000071d20000 - 0x0000000071d61000 	C:\Program Files\Java\jre1.8.0_25\bin\t2k.dll
0x000007fefeaa0000 - 0x000007fefeb39000 	C:\Windows\system32\CLBCatQ.DLL
0x000007fef8a90000 - 0x000007fef8bf1000 	C:\Windows\system32\WindowsCodecs.dll
0x000007fefd0d0000 - 0x000007fefd127000 	C:\Windows\system32\apphelp.dll
0x000007feeedb0000 - 0x000007feeefed000 	C:\PROGRA~1\MICROS~1\Office15\GROOVEEX.DLL
0x0000000070600000 - 0x0000000070698000 	C:\Windows\system32\MSVCP100.dll
0x00000000705d0000 - 0x00000000705fb000 	C:\Windows\system32\ATL100.DLL
0x000007feeea90000 - 0x000007feeedad000 	C:\Windows\system32\msi.dll
0x000007feecc30000 - 0x000007feed4a9000 	C:\PROGRA~1\MICROS~1\Office15\1053\GrooveIntlResource.dll
0x000007feef840000 - 0x000007feef86b000 	C:\Users\gustaf.fagerstrom\AppData\Roaming\Dropbox\bin\DropboxExt64.24.dll
0x000007fef0960000 - 0x000007fef0a85000 	C:\Windows\system32\dbghelp.dll
0x00000000704f0000 - 0x00000000705c3000 	C:\Windows\WinSxS\amd64_microsoft.vc90.crt_1fc8b3b9a1e18e3b_9.0.30729.6161_none_08e61857a83bc251\MSVCP90.dll
0x0000000070440000 - 0x00000000704e3000 	C:\Windows\WinSxS\amd64_microsoft.vc90.crt_1fc8b3b9a1e18e3b_9.0.30729.6161_none_08e61857a83bc251\MSVCR90.dll
0x000007fee8c00000 - 0x000007fee8c24000 	C:\Program Files\ThinkPad\Bluetooth Software\btkeyind.dll
0x000007fefcad0000 - 0x000007fefcae8000 	C:\Windows\system32\CRYPTSP.dll
0x000007fefc7d0000 - 0x000007fefc817000 	C:\Windows\system32\rsaenh.dll
0x000007fefb360000 - 0x000007fefb387000 	C:\Windows\system32\IPHLPAPI.DLL
0x000007fefb340000 - 0x000007fefb34b000 	C:\Windows\system32\WINNSI.DLL
0x000007fefb080000 - 0x000007fefb098000 	C:\Windows\system32\dhcpcsvc.DLL
0x000007fefb060000 - 0x000007fefb071000 	C:\Windows\system32\dhcpcsvc6.DLL
0x000007fefc0e0000 - 0x000007fefc0e7000 	C:\Windows\System32\wshtcpip.dll
0x000007fefc8f0000 - 0x000007fefc94b000 	C:\Windows\system32\DNSAPI.dll
0x000007fef1890000 - 0x000007fef1898000 	C:\Windows\system32\rasadhlp.dll
0x000007fefb0b0000 - 0x000007fefb103000 	C:\Windows\System32\fwpuclnt.dll

VM Arguments:
jvm_args: -Djava.library.path=D:\librar\lwjgl-2.9.1\native\windows -Dfile.encoding=Cp1252 
java_command: main.Game
java_class_path (initial): C:\Users\gustaf.fagerstrom\workspace\OOWDTgit\bin;D:\librar\lwjgl-2.9.1\jar\lwjgl.jar;D:\librar\slick\lib\slick.jar
Launcher Type: SUN_STANDARD

Environment Variables:
PATH=C:/Program Files/Java/jre1.8.0_25/bin/server;C:/Program Files/Java/jre1.8.0_25/bin;C:/Program Files/Java/jre1.8.0_25/lib/amd64;C:\ProgramData\Oracle\Java\javapath;C:\Windows\SYSTEM32;C:\Windows;C:\Windows\SYSTEM32\WBEM;C:\Windows\SYSTEM32\WINDOWSPOWERSHELL\V1.0\;;C:\PROGRAM FILES\INTEL\WIFI\BIN\;C:\PROGRAM FILES\COMMON FILES\INTEL\WIRELESSCOMMON\;C:\PROGRAM FILES (X86)\LENOVO\ACCESS CONNECTIONS\;C:\Program Files\ThinkPad\Bluetooth Software\;C:\Program Files\ThinkPad\Bluetooth Software\syswow64;c:\Program Files (x86)\Microsoft SQL Server\90\Tools\binn\;C:\Program Files\Intel\WiFi\bin\;C:\Program Files\Common Files\Intel\WirelessCommon\;C:\Users\gustaf.fagerstrom\Documents\eclipse;
USERNAME=gustaf.fagerstrom
OS=Windows_NT
PROCESSOR_IDENTIFIER=Intel64 Family 6 Model 42 Stepping 7, GenuineIntel



---------------  S Y S T E M  ---------------

OS: Windows 7 , 64 bit Build 7601 Service Pack 1

CPU:total 4 (2 cores per cpu, 2 threads per core) family 6 model 42 stepping 7, cmov, cx8, fxsr, mmx, sse, sse2, sse3, ssse3, sse4.1, sse4.2, popcnt, avx, aes, clmul, ht, tsc, tscinvbit

Memory: 4k page, physical 4030956k(166664k free), swap 16120004k(585804k free)

vm_info: Java HotSpot(TM) 64-Bit Server VM (25.25-b02) for windows-amd64 JRE (1.8.0_25-b18), built on Oct  7 2014 14:25:37 by "java_re" with MS VC++ 10.0 (VS2010)

time: Wed Feb 04 20:35:09 2015
elapsed time: 1229 seconds (0d 0h 20m 29s)

